  spirv_cfg.cpp
  spirv_cpp.cpp
  spirv_cross.cpp
  spirv_cross_c.cpp
  spirv_cross_parsed_ir.cpp
  spirv_cross_util.cpp
  spirv_glsl.cpp
  spirv_hlsl.cpp
  spirv_msl.cpp
  spirv_parser.cpp
  spirv_reflect.cpp
c1xx : fatal error C1083: Cannot open source file: 'spirv-cross\spirv_cfg.cpp': No such file or directory
c1xx : fatal error C1083: Cannot open source file: 'spirv-cross\spirv_cpp.cpp': No such file or directory
c1xx : fatal error C1083: Cannot open source file: 'spirv-cross\spirv_cross.cpp': No such file or directory
c1xx : fatal error C1083: Cannot open source file: 'spirv-cross\spirv_cross_c.cpp': No such file or directory
c1xx : fatal error C1083: Cannot open source file: 'spirv-cross\spirv_cross_util.cpp': No such file or directory
c1xx : fatal error C1083: Cannot open source file: 'spirv-cross\spirv_cross_parsed_ir.cpp': No such file or directory
c1xx : fatal error C1083: Cannot open source file: 'spirv-cross\spirv_glsl.cpp': No such file or directory
c1xx : fatal error C1083: Cannot open source file: 'spirv-cross\spirv_msl.cpp': No such file or directory
c1xx : fatal error C1083: Cannot open source file: 'spirv-cross\spirv_hlsl.cpp': No such file or directory
c1xx : fatal error C1083: Cannot open source file: 'spirv-cross\spirv_parser.cpp': No such file or directory
c1xx : fatal error C1083: Cannot open source file: 'spirv-cross\spirv_reflect.cpp': No such file or directory
